[2019-05-03 05:41:51,080] [PID 151] [MainThread] [dramatiq.MainProcess] [INFO] Dramatiq '1.3.0' is booting up.
[2019-05-03 05:41:51] - [DEBUG] - [dramatiq.middleware.time_limit.TimeLimit:70]  - Setting up timers...
[2019-05-03 05:41:51] - [DEBUG] - [dramatiq.worker._WorkerMiddleware:195]  - Adding consumer for queue 'default'.
[2019-05-03 05:41:51] - [DEBUG] - [dramatiq.worker.ConsumerThread(default):218]  - Running consumer thread...
[2019-05-03 05:41:51] - [DEBUG] - [dramatiq.worker._WorkerMiddleware:199]  - Adding consumer for delay queue 'default.DQ'.
[2019-05-03 05:41:51] - [DEBUG] - [dramatiq.middleware.time_limit.TimeLimit:70]  - Setting up timers...
[2019-05-03 05:41:51] - [DEBUG] - [dramatiq.worker.ConsumerThread(default.DQ):218]  - Running consumer thread...
[2019-05-03 05:41:51] - [DEBUG] - [dramatiq.worker.WorkerThread:365]  - Running worker thread...
[2019-05-03 05:41:51] - [DEBUG] - [dramatiq.worker._WorkerMiddleware:195]  - Adding consumer for queue 'default'.
[2019-05-03 05:41:51] - [DEBUG] - [dramatiq.worker.WorkerThread:365]  - Running worker thread...
[2019-05-03 05:41:51] - [DEBUG] - [dramatiq.worker.WorkerThread:365]  - Running worker thread...
[2019-05-03 05:41:51] - [DEBUG] - [dramatiq.worker.ConsumerThread(default):218]  - Running consumer thread...
[2019-05-03 05:41:51] - [DEBUG] - [dramatiq.worker._WorkerMiddleware:199]  - Adding consumer for delay queue 'default.DQ'.
[2019-05-03 05:41:51] - [DEBUG] - [dramatiq.worker.WorkerThread:365]  - Running worker thread...
[2019-05-03 05:41:51] - [INFO] - [dramatiq.WorkerProcess(0):277]  - Worker process is ready for action.
[2019-05-03 05:41:51] - [DEBUG] - [dramatiq.worker.ConsumerThread(default.DQ):218]  - Running consumer thread...
[2019-05-03 05:41:51] - [DEBUG] - [dramatiq.worker.WorkerThread:365]  - Running worker thread...
[2019-05-03 05:41:51] - [DEBUG] - [dramatiq.worker.WorkerThread:365]  - Running worker thread...
[2019-05-03 05:41:51] - [DEBUG] - [dramatiq.worker.WorkerThread:365]  - Running worker thread...
[2019-05-03 05:41:51] - [INFO] - [dramatiq.WorkerProcess(1):277]  - Worker process is ready for action.
[2019-05-03 05:41:51] - [DEBUG] - [dramatiq.worker.WorkerThread:365]  - Running worker thread...
[2019-05-03 05:41:51] - [DEBUG] - [dramatiq.middleware.time_limit.TimeLimit:70]  - Setting up timers...
[2019-05-03 05:41:51] - [DEBUG] - [dramatiq.worker._WorkerMiddleware:195]  - Adding consumer for queue 'default'.
[2019-05-03 05:41:51] - [DEBUG] - [dramatiq.worker.ConsumerThread(default):218]  - Running consumer thread...
[2019-05-03 05:41:51] - [DEBUG] - [dramatiq.worker._WorkerMiddleware:199]  - Adding consumer for delay queue 'default.DQ'.
[2019-05-03 05:41:51] - [DEBUG] - [dramatiq.worker.ConsumerThread(default.DQ):218]  - Running consumer thread...
[2019-05-03 05:41:51] - [DEBUG] - [dramatiq.worker.WorkerThread:365]  - Running worker thread...
[2019-05-03 05:41:51] - [DEBUG] - [dramatiq.worker.WorkerThread:365]  - Running worker thread...
[2019-05-03 05:41:51] - [DEBUG] - [dramatiq.middleware.time_limit.TimeLimit:70]  - Setting up timers...
[2019-05-03 05:41:51] - [DEBUG] - [dramatiq.worker.WorkerThread:365]  - Running worker thread...
[2019-05-03 05:41:51] - [DEBUG] - [dramatiq.worker.WorkerThread:365]  - Running worker thread...
[2019-05-03 05:41:51] - [INFO] - [dramatiq.WorkerProcess(2):277]  - Worker process is ready for action.
[2019-05-03 05:41:51] - [DEBUG] - [dramatiq.worker._WorkerMiddleware:195]  - Adding consumer for queue 'default'.
[2019-05-03 05:41:51] - [DEBUG] - [dramatiq.worker.ConsumerThread(default):218]  - Running consumer thread...
[2019-05-03 05:41:51] - [DEBUG] - [dramatiq.worker._WorkerMiddleware:199]  - Adding consumer for delay queue 'default.DQ'.
[2019-05-03 05:41:51] - [DEBUG] - [dramatiq.worker.ConsumerThread(default.DQ):218]  - Running consumer thread...
[2019-05-03 05:41:51] - [DEBUG] - [dramatiq.worker.WorkerThread:365]  - Running worker thread...
[2019-05-03 05:41:51] - [DEBUG] - [dramatiq.worker.WorkerThread:365]  - Running worker thread...
[2019-05-03 05:41:51] - [DEBUG] - [dramatiq.worker.WorkerThread:365]  - Running worker thread...
[2019-05-03 05:41:51] - [DEBUG] - [dramatiq.worker.WorkerThread:365]  - Running worker thread...
[2019-05-03 05:41:51] - [INFO] - [dramatiq.WorkerProcess(3):277]  - Worker process is ready for action.
[2019-05-03 06:19:17] - [CRITICAL] - [dramatiq.worker.ConsumerThread(default.DQ):237]  - Consumer encountered a connection error: Error while reading from socket: (104, 'Connection reset by peer')
[2019-05-03 06:19:17] - [CRITICAL] - [dramatiq.worker.ConsumerThread(default):237]  - Consumer encountered a connection error: Error while reading from socket: (104, 'Connection reset by peer')
[2019-05-03 06:19:17] - [CRITICAL] - [dramatiq.worker.ConsumerThread(default.DQ):237]  - Consumer encountered a connection error: Error while reading from socket: (104, 'Connection reset by peer')
[2019-05-03 06:19:17] - [CRITICAL] - [dramatiq.worker.ConsumerThread(default):237]  - Consumer encountered a connection error: Error while reading from socket: (104, 'Connection reset by peer')
[2019-05-03 06:19:17] - [CRITICAL] - [dramatiq.worker.ConsumerThread(default):237]  - Consumer encountered a connection error: Error while reading from socket: (104, 'Connection reset by peer')
[2019-05-03 06:19:17] - [CRITICAL] - [dramatiq.worker.ConsumerThread(default.DQ):237]  - Consumer encountered a connection error: Error while reading from socket: (104, 'Connection reset by peer')
[2019-05-03 06:19:17] - [CRITICAL] - [dramatiq.worker.ConsumerThread(default):237]  - Consumer encountered a connection error: Error while reading from socket: (104, 'Connection reset by peer')
[2019-05-03 06:19:17] - [CRITICAL] - [dramatiq.worker.ConsumerThread(default.DQ):237]  - Consumer encountered a connection error: Error 111 connecting to oj-redis:6379. Connection refused.
[2019-05-03 06:19:19,623] [PID 151] [MainThread] [dramatiq.MainProcess] [INFO] Sending 'SIGTERM' to worker processes...
[2019-05-03 06:19:19] - [INFO] - [dramatiq.WorkerProcess(3):271]  - Stopping worker process...
[2019-05-03 06:19:19] - [INFO] - [dramatiq.WorkerProcess(2):271]  - Stopping worker process...
[2019-05-03 06:19:19] - [INFO] - [dramatiq.WorkerProcess(1):271]  - Stopping worker process...
[2019-05-03 06:19:19] - [INFO] - [dramatiq.WorkerProcess(0):271]  - Stopping worker process...
[2019-05-03 06:19:19] - [INFO] - [dramatiq.worker.Worker:110]  - Shutting down...
[2019-05-03 06:19:19] - [DEBUG] - [dramatiq.worker.Worker:111]  - Stopping consumers and workers...
[2019-05-03 06:19:19] - [DEBUG] - [dramatiq.worker.WorkerThread:439]  - Stopping worker thread...
[2019-05-03 06:19:19] - [DEBUG] - [dramatiq.worker.WorkerThread:439]  - Stopping worker thread...
[2019-05-03 06:19:19] - [DEBUG] - [dramatiq.worker.WorkerThread:439]  - Stopping worker thread...
[2019-05-03 06:19:19] - [DEBUG] - [dramatiq.worker.WorkerThread:439]  - Stopping worker thread...
[2019-05-03 06:19:19] - [DEBUG] - [dramatiq.worker.ConsumerThread(default):327]  - Stopping consumer thread...
[2019-05-03 06:19:19] - [DEBUG] - [dramatiq.worker.ConsumerThread(default.DQ):327]  - Stopping consumer thread...
[2019-05-03 06:19:19] - [INFO] - [dramatiq.worker.Worker:110]  - Shutting down...
[2019-05-03 06:19:19] - [DEBUG] - [dramatiq.worker.Worker:111]  - Stopping consumers and workers...
[2019-05-03 06:19:19] - [DEBUG] - [dramatiq.worker.WorkerThread:439]  - Stopping worker thread...
[2019-05-03 06:19:19] - [DEBUG] - [dramatiq.worker.WorkerThread:439]  - Stopping worker thread...
[2019-05-03 06:19:19] - [DEBUG] - [dramatiq.worker.WorkerThread:439]  - Stopping worker thread...
[2019-05-03 06:19:19] - [DEBUG] - [dramatiq.worker.WorkerThread:439]  - Stopping worker thread...
[2019-05-03 06:19:19] - [DEBUG] - [dramatiq.worker.ConsumerThread(default):327]  - Stopping consumer thread...
[2019-05-03 06:19:19] - [DEBUG] - [dramatiq.worker.ConsumerThread(default.DQ):327]  - Stopping consumer thread...
[2019-05-03 06:19:20] - [DEBUG] - [dramatiq.worker.WorkerThread:381]  - Worker thread stopped.
[2019-05-03 06:19:20] - [DEBUG] - [dramatiq.worker.WorkerThread:381]  - Worker thread stopped.
[2019-05-03 06:19:20] - [DEBUG] - [dramatiq.worker.WorkerThread:381]  - Worker thread stopped.
[2019-05-03 06:19:20] - [DEBUG] - [dramatiq.worker.WorkerThread:381]  - Worker thread stopped.
[2019-05-03 06:19:20] - [DEBUG] - [dramatiq.worker.WorkerThread:381]  - Worker thread stopped.
[2019-05-03 06:19:20] - [DEBUG] - [dramatiq.worker.WorkerThread:381]  - Worker thread stopped.
[2019-05-03 06:19:20] - [DEBUG] - [dramatiq.worker.WorkerThread:381]  - Worker thread stopped.
[2019-05-03 06:19:20] - [DEBUG] - [dramatiq.worker.WorkerThread:381]  - Worker thread stopped.
[2019-05-03 06:19:20] - [INFO] - [dramatiq.worker.Worker:110]  - Shutting down...
[2019-05-03 06:19:20] - [DEBUG] - [dramatiq.worker.Worker:111]  - Stopping consumers and workers...
[2019-05-03 06:19:20] - [DEBUG] - [dramatiq.worker.WorkerThread:439]  - Stopping worker thread...
[2019-05-03 06:19:20] - [DEBUG] - [dramatiq.worker.WorkerThread:439]  - Stopping worker thread...
[2019-05-03 06:19:20] - [DEBUG] - [dramatiq.worker.WorkerThread:439]  - Stopping worker thread...
[2019-05-03 06:19:20] - [DEBUG] - [dramatiq.worker.WorkerThread:439]  - Stopping worker thread...
[2019-05-03 06:19:20] - [DEBUG] - [dramatiq.worker.ConsumerThread(default):327]  - Stopping consumer thread...
[2019-05-03 06:19:20] - [DEBUG] - [dramatiq.worker.ConsumerThread(default.DQ):327]  - Stopping consumer thread...
[2019-05-03 06:19:20] - [INFO] - [dramatiq.worker.Worker:110]  - Shutting down...
[2019-05-03 06:19:20] - [DEBUG] - [dramatiq.worker.Worker:111]  - Stopping consumers and workers...
[2019-05-03 06:19:20] - [DEBUG] - [dramatiq.worker.WorkerThread:439]  - Stopping worker thread...
[2019-05-03 06:19:20] - [DEBUG] - [dramatiq.worker.WorkerThread:439]  - Stopping worker thread...
[2019-05-03 06:19:20] - [DEBUG] - [dramatiq.worker.WorkerThread:439]  - Stopping worker thread...
[2019-05-03 06:19:20] - [DEBUG] - [dramatiq.worker.WorkerThread:439]  - Stopping worker thread...
[2019-05-03 06:19:20] - [DEBUG] - [dramatiq.worker.ConsumerThread(default):327]  - Stopping consumer thread...
[2019-05-03 06:19:20] - [DEBUG] - [dramatiq.worker.ConsumerThread(default.DQ):327]  - Stopping consumer thread...
[2019-05-03 06:19:21] - [DEBUG] - [dramatiq.worker.ConsumerThread(default.DQ):255]  - Consumer thread stopped.
[2019-05-03 06:19:21] - [DEBUG] - [dramatiq.worker.ConsumerThread(default.DQ):255]  - Consumer thread stopped.
[2019-05-03 06:19:21] - [DEBUG] - [dramatiq.worker.ConsumerThread(default.DQ):255]  - Consumer thread stopped.
[2019-05-03 06:19:21] - [DEBUG] - [dramatiq.worker.ConsumerThread(default):255]  - Consumer thread stopped.
[2019-05-03 06:19:21] - [DEBUG] - [dramatiq.worker.ConsumerThread(default):255]  - Consumer thread stopped.
[2019-05-03 06:19:21] - [DEBUG] - [dramatiq.worker.ConsumerThread(default):255]  - Consumer thread stopped.
[2019-05-03 06:19:21] - [DEBUG] - [dramatiq.worker.ConsumerThread(default.DQ):255]  - Consumer thread stopped.
[2019-05-03 06:19:21] - [DEBUG] - [dramatiq.worker.Worker:116]  - Consumers and workers stopped.
[2019-05-03 06:19:21] - [DEBUG] - [dramatiq.worker.Worker:118]  - Requeueing in-memory messages...
[2019-05-03 06:19:21] - [DEBUG] - [dramatiq.worker.Worker:128]  - Done requeueing in-progress messages.
[2019-05-03 06:19:21] - [DEBUG] - [dramatiq.worker.Worker:130]  - Closing consumers...
[2019-05-03 06:19:21] - [DEBUG] - [dramatiq.worker.Worker:134]  - Consumers closed.
[2019-05-03 06:19:21] - [INFO] - [dramatiq.worker.Worker:136]  - Worker has been shut down.
[2019-05-03 06:19:21] - [DEBUG] - [dramatiq.worker.Worker:116]  - Consumers and workers stopped.
[2019-05-03 06:19:21] - [DEBUG] - [dramatiq.worker.Worker:118]  - Requeueing in-memory messages...
[2019-05-03 06:19:21] - [DEBUG] - [dramatiq.worker.Worker:128]  - Done requeueing in-progress messages.
[2019-05-03 06:19:21] - [DEBUG] - [dramatiq.worker.Worker:130]  - Closing consumers...
[2019-05-03 06:19:21] - [DEBUG] - [dramatiq.worker.Worker:134]  - Consumers closed.
[2019-05-03 06:19:21] - [INFO] - [dramatiq.worker.Worker:136]  - Worker has been shut down.
[2019-05-03 06:19:21] - [DEBUG] - [dramatiq.worker.ConsumerThread(default):255]  - Consumer thread stopped.
[2019-05-03 06:19:21] - [DEBUG] - [dramatiq.worker.WorkerThread:381]  - Worker thread stopped.
[2019-05-03 06:19:21] - [DEBUG] - [dramatiq.worker.WorkerThread:381]  - Worker thread stopped.
[2019-05-03 06:19:21] - [DEBUG] - [dramatiq.worker.WorkerThread:381]  - Worker thread stopped.
[2019-05-03 06:19:21] - [DEBUG] - [dramatiq.worker.WorkerThread:381]  - Worker thread stopped.
[2019-05-03 06:19:21] - [DEBUG] - [dramatiq.worker.WorkerThread:381]  - Worker thread stopped.
[2019-05-03 06:19:21] - [DEBUG] - [dramatiq.worker.WorkerThread:381]  - Worker thread stopped.
Error in atexit._run_exitfuncs:
[2019-05-03 06:19:21] - [DEBUG] - [dramatiq.worker.Worker:116]  - Consumers and workers stopped.
Error in atexit._run_exitfuncs:
[2019-05-03 06:19:21] - [DEBUG] - [dramatiq.worker.Worker:118]  - Requeueing in-memory messages...
[2019-05-03 06:19:21] - [DEBUG] - [dramatiq.worker.Worker:128]  - Done requeueing in-progress messages.
[2019-05-03 06:19:21] - [DEBUG] - [dramatiq.worker.Worker:130]  - Closing consumers...
[2019-05-03 06:19:21] - [DEBUG] - [dramatiq.worker.Worker:134]  - Consumers closed.
[2019-05-03 06:19:21] - [INFO] - [dramatiq.worker.Worker:136]  - Worker has been shut down.
[2019-05-03 06:19:21] - [DEBUG] - [dramatiq.worker.WorkerThread:381]  - Worker thread stopped.
[2019-05-03 06:19:21] - [DEBUG] - [dramatiq.worker.WorkerThread:381]  - Worker thread stopped.
[2019-05-03 06:19:21] - [DEBUG] - [dramatiq.worker.Worker:116]  - Consumers and workers stopped.
[2019-05-03 06:19:21] - [DEBUG] - [dramatiq.worker.Worker:118]  - Requeueing in-memory messages...
[2019-05-03 06:19:21] - [DEBUG] - [dramatiq.worker.Worker:128]  - Done requeueing in-progress messages.
[2019-05-03 06:19:21] - [DEBUG] - [dramatiq.worker.Worker:130]  - Closing consumers...
[2019-05-03 06:19:21] - [DEBUG] - [dramatiq.worker.Worker:134]  - Consumers closed.
[2019-05-03 06:19:21] - [INFO] - [dramatiq.worker.Worker:136]  - Worker has been shut down.
Error in atexit._run_exitfuncs:
Error in atexit._run_exitfuncs:
[2019-05-03 08:59:02,193] [PID 118] [MainThread] [dramatiq.MainProcess] [INFO] Dramatiq '1.3.0' is booting up.
[2019-05-03 08:59:03] - [DEBUG] - [dramatiq.middleware.time_limit.TimeLimit:70]  - Setting up timers...
[2019-05-03 08:59:03] - [DEBUG] - [dramatiq.worker._WorkerMiddleware:195]  - Adding consumer for queue 'default'.
[2019-05-03 08:59:03] - [DEBUG] - [dramatiq.worker.ConsumerThread(default):218]  - Running consumer thread...
[2019-05-03 08:59:03] - [DEBUG] - [dramatiq.worker._WorkerMiddleware:199]  - Adding consumer for delay queue 'default.DQ'.
[2019-05-03 08:59:03] - [DEBUG] - [dramatiq.worker.ConsumerThread(default.DQ):218]  - Running consumer thread...
[2019-05-03 08:59:03] - [DEBUG] - [dramatiq.middleware.time_limit.TimeLimit:70]  - Setting up timers...
[2019-05-03 08:59:03] - [DEBUG] - [dramatiq.worker.WorkerThread:365]  - Running worker thread...
[2019-05-03 08:59:03] - [DEBUG] - [dramatiq.middleware.time_limit.TimeLimit:70]  - Setting up timers...
[2019-05-03 08:59:03] - [DEBUG] - [dramatiq.middleware.time_limit.TimeLimit:70]  - Setting up timers...
[2019-05-03 08:59:03] - [DEBUG] - [dramatiq.worker.WorkerThread:365]  - Running worker thread...
[2019-05-03 08:59:03] - [DEBUG] - [dramatiq.worker._WorkerMiddleware:195]  - Adding consumer for queue 'default'.
[2019-05-03 08:59:03] - [DEBUG] - [dramatiq.worker._WorkerMiddleware:195]  - Adding consumer for queue 'default'.
[2019-05-03 08:59:03] - [DEBUG] - [dramatiq.worker.ConsumerThread(default):218]  - Running consumer thread...
[2019-05-03 08:59:03] - [DEBUG] - [dramatiq.worker._WorkerMiddleware:199]  - Adding consumer for delay queue 'default.DQ'.
[2019-05-03 08:59:03] - [DEBUG] - [dramatiq.worker.WorkerThread:365]  - Running worker thread...
[2019-05-03 08:59:03] - [DEBUG] - [dramatiq.worker.ConsumerThread(default):218]  - Running consumer thread...
[2019-05-03 08:59:03] - [DEBUG] - [dramatiq.worker._WorkerMiddleware:199]  - Adding consumer for delay queue 'default.DQ'.
[2019-05-03 08:59:03] - [DEBUG] - [dramatiq.worker._WorkerMiddleware:195]  - Adding consumer for queue 'default'.
[2019-05-03 08:59:03] - [DEBUG] - [dramatiq.worker.ConsumerThread(default.DQ):218]  - Running consumer thread...
[2019-05-03 08:59:03] - [DEBUG] - [dramatiq.worker.WorkerThread:365]  - Running worker thread...
[2019-05-03 08:59:03] - [INFO] - [dramatiq.WorkerProcess(2):277]  - Worker process is ready for action.
[2019-05-03 08:59:03] - [DEBUG] - [dramatiq.worker.ConsumerThread(default):218]  - Running consumer thread...
[2019-05-03 08:59:03] - [DEBUG] - [dramatiq.worker._WorkerMiddleware:199]  - Adding consumer for delay queue 'default.DQ'.
[2019-05-03 08:59:03] - [DEBUG] - [dramatiq.worker.ConsumerThread(default.DQ):218]  - Running consumer thread...
[2019-05-03 08:59:03] - [DEBUG] - [dramatiq.worker.WorkerThread:365]  - Running worker thread...
[2019-05-03 08:59:03] - [DEBUG] - [dramatiq.worker.WorkerThread:365]  - Running worker thread...
[2019-05-03 08:59:03] - [DEBUG] - [dramatiq.worker.WorkerThread:365]  - Running worker thread...
[2019-05-03 08:59:03] - [DEBUG] - [dramatiq.worker.ConsumerThread(default.DQ):218]  - Running consumer thread...
[2019-05-03 08:59:03] - [DEBUG] - [dramatiq.worker.WorkerThread:365]  - Running worker thread...
[2019-05-03 08:59:03] - [DEBUG] - [dramatiq.worker.WorkerThread:365]  - Running worker thread...
[2019-05-03 08:59:03] - [DEBUG] - [dramatiq.worker.WorkerThread:365]  - Running worker thread...
[2019-05-03 08:59:03] - [DEBUG] - [dramatiq.worker.WorkerThread:365]  - Running worker thread...
[2019-05-03 08:59:03] - [DEBUG] - [dramatiq.worker.WorkerThread:365]  - Running worker thread...
[2019-05-03 08:59:03] - [INFO] - [dramatiq.WorkerProcess(3):277]  - Worker process is ready for action.
[2019-05-03 08:59:03] - [DEBUG] - [dramatiq.worker.WorkerThread:365]  - Running worker thread...
[2019-05-03 08:59:03] - [DEBUG] - [dramatiq.worker.WorkerThread:365]  - Running worker thread...
[2019-05-03 08:59:03] - [INFO] - [dramatiq.WorkerProcess(0):277]  - Worker process is ready for action.
[2019-05-03 08:59:03] - [DEBUG] - [dramatiq.worker.WorkerThread:365]  - Running worker thread...
[2019-05-03 08:59:03] - [DEBUG] - [dramatiq.worker.WorkerThread:365]  - Running worker thread...
[2019-05-03 08:59:03] - [INFO] - [dramatiq.WorkerProcess(1):277]  - Worker process is ready for action.
